<?xml version="1.0" encoding="UTF-8"?>
<!-- Generated by org.testng.reporters.JUnitReportReporter -->
<testsuite hostname="Nawaz-PC" failures="0" tests="1" name="com.automationpractice.actions.ActionsDemo" time="2.787" errors="0" timestamp="16 Aug 2020 01:47:47 GMT" skipped="0">
  <testcase classname="com.automationpractice.actions.ActionsDemo" name="keysToEnter" time="2.787"/>
</testsuite> <!-- com.automationpractice.actions.ActionsDemo -->
