<?xml version="1.0" encoding="UTF-8"?>
<!-- Generated by org.testng.reporters.JUnitReportReporter -->
<testsuite hostname="Nawaz-PC" failures="0" tests="1" name="com.automationpractice.actions.ActionsDemo" time="3.294" errors="0" timestamp="27 Jan 2021 04:46:10 GMT" skipped="0">
  <testcase classname="com.automationpractice.actions.ActionsDemo" name="enterByAction" time="3.294"/>
</testsuite> <!-- com.automationpractice.actions.ActionsDemo -->
